Wed Nov 28 18:07:58 BOT 2012 : Apache Derby Network Server - 10.8.2.2 - (1181258) started and ready to accept connections on port 1527
----------------------------------------------------------------
Wed Nov 28 18:07:58 BOT 2012:
Booting Derby version The Apache Software Foundation - Apache Derby - 10.8.2.2 - (1181258): instance a816c00e-013b-490f-e1f8-00005379b5fc 
on database directory C:\Users\Nestor_Velasquez\Documents\NetBeansProjects\Budge-Manage\BudgetManage  with class loader sun.misc.Launcher$AppClassLoader@15601ea 
Loaded from file:/C:/Program%20Files/Java/jdk1.7.0_09/db/lib/derby.jar
java.vendor=Oracle Corporation
java.runtime.version=1.7.0_09-b05
user.dir=C:\Program Files\Java\jdk1.7.0_09\db
derby.system.home=C:\Users\Nestor_Velasquez\Documents\NetBeansProjects\Budge-Manage
Database Class Loader started - derby.database.classpath=''
----------------------------------------------------------------
Wed Nov 28 18:08:09 BOT 2012:
Shutting down instance a816c00e-013b-490f-e1f8-00005379b5fc on database directory C:\Users\Nestor_Velasquez\Documents\NetBeansProjects\Budge-Manage\BudgetManage with class loader sun.misc.Launcher$AppClassLoader@15601ea 
Wed Nov 28 18:08:09 BOT 2012 Thread[DRDAConnThread_3,5,main] (DATABASE = BudgetManage), (DRDAID = {2}), Database 'BudgetManage' shutdown.
----------------------------------------------------------------
Wed Nov 28 18:09:21 BOT 2012:
Booting Derby version The Apache Software Foundation - Apache Derby - 10.8.2.2 - (1181258): instance 6c44409f-013b-490f-e1f8-00005379b5fc 
on database directory C:\Users\Nestor_Velasquez\Documents\NetBeansProjects\Budge-Manage\BudgetManage  with class loader sun.misc.Launcher$AppClassLoader@15601ea 
Loaded from file:/C:/Program%20Files/Java/jdk1.7.0_09/db/lib/derby.jar
java.vendor=Oracle Corporation
java.runtime.version=1.7.0_09-b05
user.dir=C:\Program Files\Java\jdk1.7.0_09\db
derby.system.home=C:\Users\Nestor_Velasquez\Documents\NetBeansProjects\Budge-Manage
Database Class Loader started - derby.database.classpath=''
